*** CACHE SETTINGS ***
  Unified I- D-cache
  Size: 	256
  Associativity: 	1
  Block size: 	16
  Write policy: 	WRITE BACK
  Allocation policy: 	WRITE ALLOCATE

*** CACHE STATISTICS ***
 INSTRUCTIONS
  accesses:  6920
  misses:    663
  miss rate: 0.0958 (hit rate 0.9042)
  replace:   654
 DATA
  accesses:  3080
  misses:    874
  miss rate: 0.2838 (hit rate 0.7162)
  replace:   867
 TRAFFIC (in words)
  demand fetch:  6148
  copies back:   360
*** CACHE SETTINGS ***
  Unified I- D-cache
  Size: 	256
  Associativity: 	2
  Block size: 	16
  Write policy: 	WRITE BACK
  Allocation policy: 	WRITE ALLOCATE

*** CACHE STATISTICS ***
 INSTRUCTIONS
  accesses:  6920
  misses:    676
  miss rate: 0.0977 (hit rate 0.9023)
  replace:   665
 DATA
  accesses:  3080
  misses:    1053
  miss rate: 0.3419 (hit rate 0.6581)
  replace:   1048
 TRAFFIC (in words)
  demand fetch:  6916
  copies back:   416
*** CACHE SETTINGS ***
  Unified I- D-cache
  Size: 	256
  Associativity: 	4
  Block size: 	16
  Write policy: 	WRITE BACK
  Allocation policy: 	WRITE ALLOCATE

*** CACHE STATISTICS ***
 INSTRUCTIONS
  accesses:  6920
  misses:    489
  miss rate: 0.0707 (hit rate 0.9293)
  replace:   480
 DATA
  accesses:  3080
  misses:    575
  miss rate: 0.1867 (hit rate 0.8133)
  replace:   568
 TRAFFIC (in words)
  demand fetch:  4256
  copies back:   276
*** CACHE SETTINGS ***
  Unified I- D-cache
  Size: 	256
  Associativity: 	8
  Block size: 	16
  Write policy: 	WRITE BACK
  Allocation policy: 	WRITE ALLOCATE

*** CACHE STATISTICS ***
 INSTRUCTIONS
  accesses:  6920
  misses:    431
  miss rate: 0.0623 (hit rate 0.9377)
  replace:   422
 DATA
  accesses:  3080
  misses:    495
  miss rate: 0.1607 (hit rate 0.8393)
  replace:   488
 TRAFFIC (in words)
  demand fetch:  3704
  copies back:   372
*** CACHE SETTINGS ***
  Unified I- D-cache
  Size: 	8192
  Associativity: 	2
  Block size: 	16
  Write policy: 	WRITE BACK
  Allocation policy: 	WRITE ALLOCATE

*** CACHE STATISTICS ***
 INSTRUCTIONS
  accesses:  6920
  misses:    22
  miss rate: 0.0032 (hit rate 0.9968)
  replace:   0
 DATA
  accesses:  3080
  misses:    60
  miss rate: 0.0195 (hit rate 0.9805)
  replace:   0
 TRAFFIC (in words)
  demand fetch:  328
  copies back:   44
*** CACHE SETTINGS ***
  Unified I- D-cache
  Size: 	8192
  Associativity: 	4
  Block size: 	16
  Write policy: 	WRITE BACK
  Allocation policy: 	WRITE ALLOCATE

*** CACHE STATISTICS ***
 INSTRUCTIONS
  accesses:  6920
  misses:    22
  miss rate: 0.0032 (hit rate 0.9968)
  replace:   0
 DATA
  accesses:  3080
  misses:    60
  miss rate: 0.0195 (hit rate 0.9805)
  replace:   0
 TRAFFIC (in words)
  demand fetch:  328
  copies back:   44
*** CACHE SETTINGS ***
  Unified I- D-cache
  Size: 	8192
  Associativity: 	8
  Block size: 	16
  Write policy: 	WRITE BACK
  Allocation policy: 	WRITE ALLOCATE

*** CACHE STATISTICS ***
 INSTRUCTIONS
  accesses:  6920
  misses:    22
  miss rate: 0.0032 (hit rate 0.9968)
  replace:   0
 DATA
  accesses:  3080
  misses:    60
  miss rate: 0.0195 (hit rate 0.9805)
  replace:   0
 TRAFFIC (in words)
  demand fetch:  328
  copies back:   44
